<?xml version="1.0" encoding="utf-8"?><testsuites><testsuite name="pytest" errors="0" failures="3" skipped="1" tests="4" time="11.325" timestamp="2021-11-22T10:12:14.752455" hostname="Nikolai"><testcase classname="pythontestingframework_execute_tests.tests.test_parameterized" name="test_one_database[test_pre_stage_pool_pass_guest_visits]" file="pythontestingframework_execute_tests\tests\test_parameterized.py" line="41" time="4.820"><failure message="FileNotFoundError: [Errno 2] No such file or directory: '..\\..\\..\\queries\\lt_udw_qa.pre_stage_pool_pass_GuestVisits.sql'">values = ['lt_udw_qa_akv', 'lt_udw_qa.pre_stage_pool_pass_GuestVisits.sql', 'lt_udw_qa.stage_pool_pass_GuestVisits.sql', '[Feroz]']

    @pytest.mark.parametrize("values", get_data('test_data_one_db.csv', index=1),
                             ids=get_data('test_data_one_db.csv'))
    def test_one_database(values):
        #   Step 1: Get connection string from command line argument if defined
        # if db_conn == "default db_conn":
        #    db_conn = connections.lt_udw_qa_conn
    
        db = Database(Database.get_connection(values[0], output_file=False))
    
        #   Step 2: Get data from source table
&gt;       records_source = db.get_query_results(values[1])

pythontestingframework_execute_tests\tests\test_parameterized.py:52: 
_ _ _ _ _ _ _ _ _ _ _ _ _ _ _ _ _ _ _ _ _ _ _ _ _ _ _ _ _ _ _ _ _ _ _ _ _ _ _ _
pythontestingframework_execute_tests\db\Database.py:62: in get_query_results
    self.execute(self.get_query_text(query_file_name))
_ _ _ _ _ _ _ _ _ _ _ _ _ _ _ _ _ _ _ _ _ _ _ _ _ _ _ _ _ _ _ _ _ _ _ _ _ _ _ _

file_name = 'lt_udw_qa.pre_stage_pool_pass_GuestVisits.sql'

    @staticmethod
    def get_query_text(file_name):
&gt;       file = open(os.path.join(Database.path_to_queries(), file_name), mode='r')
E       FileNotFoundError: [Errno 2] No such file or directory: '..\\..\\..\\queries\\lt_udw_qa.pre_stage_pool_pass_GuestVisits.sql'

pythontestingframework_execute_tests\db\Database.py:71: FileNotFoundError</failure></testcase><testcase classname="pythontestingframework_execute_tests.tests.test_parameterized" name="test_one_database[test_stage_pool_pass_GuestVisits]" file="pythontestingframework_execute_tests\tests\test_parameterized.py" line="41" time="3.139"><failure message="FileNotFoundError: [Errno 2] No such file or directory: '..\\..\\..\\queries\\lt_udw_qa.pre_stage_mms_ValAcquisitionType.sql'">values = ['lt_udw_qa_akv', 'lt_udw_qa.pre_stage_mms_ValAcquisitionType.sql', 'lt_udw_qa.stage_mms_Val_Acquisition_Type.sql', '[Feroz]']

    @pytest.mark.parametrize("values", get_data('test_data_one_db.csv', index=1),
                             ids=get_data('test_data_one_db.csv'))
    def test_one_database(values):
        #   Step 1: Get connection string from command line argument if defined
        # if db_conn == "default db_conn":
        #    db_conn = connections.lt_udw_qa_conn
    
        db = Database(Database.get_connection(values[0], output_file=False))
    
        #   Step 2: Get data from source table
&gt;       records_source = db.get_query_results(values[1])

pythontestingframework_execute_tests\tests\test_parameterized.py:52: 
_ _ _ _ _ _ _ _ _ _ _ _ _ _ _ _ _ _ _ _ _ _ _ _ _ _ _ _ _ _ _ _ _ _ _ _ _ _ _ _
pythontestingframework_execute_tests\db\Database.py:62: in get_query_results
    self.execute(self.get_query_text(query_file_name))
_ _ _ _ _ _ _ _ _ _ _ _ _ _ _ _ _ _ _ _ _ _ _ _ _ _ _ _ _ _ _ _ _ _ _ _ _ _ _ _

file_name = 'lt_udw_qa.pre_stage_mms_ValAcquisitionType.sql'

    @staticmethod
    def get_query_text(file_name):
&gt;       file = open(os.path.join(Database.path_to_queries(), file_name), mode='r')
E       FileNotFoundError: [Errno 2] No such file or directory: '..\\..\\..\\queries\\lt_udw_qa.pre_stage_mms_ValAcquisitionType.sql'

pythontestingframework_execute_tests\db\Database.py:71: FileNotFoundError</failure></testcase><testcase classname="pythontestingframework_execute_tests.tests.test_parameterized" name="test_one_database[test_stage_mms_LTF_Key_Type]" file="pythontestingframework_execute_tests\tests\test_parameterized.py" line="41" time="2.432"><failure message="FileNotFoundError: [Errno 2] No such file or directory: '..\\..\\..\\queries\\lt_udw_qa.pre_stage_mms_LTF_Key_Type.sql'">values = ['lt_udw_qa_akv', 'lt_udw_qa.pre_stage_mms_LTF_Key_Type.sql', 'lt_udw_qa.stage_mms_LTF_Key_Type.sql', '[Feroz]']

    @pytest.mark.parametrize("values", get_data('test_data_one_db.csv', index=1),
                             ids=get_data('test_data_one_db.csv'))
    def test_one_database(values):
        #   Step 1: Get connection string from command line argument if defined
        # if db_conn == "default db_conn":
        #    db_conn = connections.lt_udw_qa_conn
    
        db = Database(Database.get_connection(values[0], output_file=False))
    
        #   Step 2: Get data from source table
&gt;       records_source = db.get_query_results(values[1])

pythontestingframework_execute_tests\tests\test_parameterized.py:52: 
_ _ _ _ _ _ _ _ _ _ _ _ _ _ _ _ _ _ _ _ _ _ _ _ _ _ _ _ _ _ _ _ _ _ _ _ _ _ _ _
pythontestingframework_execute_tests\db\Database.py:62: in get_query_results
    self.execute(self.get_query_text(query_file_name))
_ _ _ _ _ _ _ _ _ _ _ _ _ _ _ _ _ _ _ _ _ _ _ _ _ _ _ _ _ _ _ _ _ _ _ _ _ _ _ _

file_name = 'lt_udw_qa.pre_stage_mms_LTF_Key_Type.sql'

    @staticmethod
    def get_query_text(file_name):
&gt;       file = open(os.path.join(Database.path_to_queries(), file_name), mode='r')
E       FileNotFoundError: [Errno 2] No such file or directory: '..\\..\\..\\queries\\lt_udw_qa.pre_stage_mms_LTF_Key_Type.sql'

pythontestingframework_execute_tests\db\Database.py:71: FileNotFoundError</failure></testcase><testcase classname="pythontestingframework_execute_tests.tests.test_parameterized" name="test_two_databases[values0]" file="pythontestingframework_execute_tests\tests\test_parameterized.py" line="72" time="0.001"><skipped type="pytest.skip" message="got empty parameter set ['values'], function test_two_databases at D:\ISsoft\Life Time\ebi-pythontestingframework-function-qa\pythontestingframework_execute_tests\tests\test_parameterized.py:72">D:\ISsoft\Life Time\ebi-pythontestingframework-function-qa\pythontestingframework_execute_tests\tests\test_parameterized.py:73: got empty parameter set ['values'], function test_two_databases at D:\ISsoft\Life Time\ebi-pythontestingframework-function-qa\pythontestingframework_execute_tests\tests\test_parameterized.py:72</skipped></testcase></testsuite></testsuites>